mode: set
github.com/CSKU-Lab/queue/rabbitmq.go:14.49,16.16 2 1
github.com/CSKU-Lab/queue/rabbitmq.go:16.16,18.3 1 1
github.com/CSKU-Lab/queue/rabbitmq.go:20.2,22.8 1 1
github.com/CSKU-Lab/queue/rabbitmq.go:25.102,27.16 2 1
github.com/CSKU-Lab/queue/rabbitmq.go:27.16,29.3 1 1
github.com/CSKU-Lab/queue/rabbitmq.go:31.2,31.17 1 1
github.com/CSKU-Lab/queue/rabbitmq.go:31.17,33.3 1 1
github.com/CSKU-Lab/queue/rabbitmq.go:35.2,35.9 1 1
github.com/CSKU-Lab/queue/rabbitmq.go:36.20,38.23 2 1
github.com/CSKU-Lab/queue/rabbitmq.go:39.10,39.10 0 1
github.com/CSKU-Lab/queue/rabbitmq.go:42.2,43.16 2 1
github.com/CSKU-Lab/queue/rabbitmq.go:43.16,45.3 1 1
github.com/CSKU-Lab/queue/rabbitmq.go:47.2,47.20 1 1
github.com/CSKU-Lab/queue/rabbitmq.go:50.72,52.16 2 1
github.com/CSKU-Lab/queue/rabbitmq.go:52.16,54.3 1 1
github.com/CSKU-Lab/queue/rabbitmq.go:56.2,56.9 1 1
github.com/CSKU-Lab/queue/rabbitmq.go:57.20,59.19 2 1
github.com/CSKU-Lab/queue/rabbitmq.go:60.10,60.10 0 1
github.com/CSKU-Lab/queue/rabbitmq.go:63.2,64.12 2 1
github.com/CSKU-Lab/queue/rabbitmq.go:67.104,69.16 2 1
github.com/CSKU-Lab/queue/rabbitmq.go:69.16,71.3 1 1
github.com/CSKU-Lab/queue/rabbitmq.go:73.2,74.16 2 1
github.com/CSKU-Lab/queue/rabbitmq.go:74.16,76.3 1 0
github.com/CSKU-Lab/queue/rabbitmq.go:78.2,91.16 2 1
github.com/CSKU-Lab/queue/rabbitmq.go:91.16,93.3 1 0
github.com/CSKU-Lab/queue/rabbitmq.go:95.2,95.9 1 1
github.com/CSKU-Lab/queue/rabbitmq.go:96.20,97.19 1 1
github.com/CSKU-Lab/queue/rabbitmq.go:98.69,99.20 1 1
github.com/CSKU-Lab/queue/rabbitmq.go:99.20,101.4 1 1
github.com/CSKU-Lab/queue/rabbitmq.go:101.9,103.4 1 0
github.com/CSKU-Lab/queue/rabbitmq.go:108.162,110.16 2 1
github.com/CSKU-Lab/queue/rabbitmq.go:110.16,112.3 1 1
github.com/CSKU-Lab/queue/rabbitmq.go:114.2,115.16 2 1
github.com/CSKU-Lab/queue/rabbitmq.go:115.16,117.3 1 0
github.com/CSKU-Lab/queue/rabbitmq.go:119.2,129.16 2 1
github.com/CSKU-Lab/queue/rabbitmq.go:129.16,131.3 1 1
github.com/CSKU-Lab/queue/rabbitmq.go:133.2,136.6 3 1
github.com/CSKU-Lab/queue/rabbitmq.go:136.6,137.10 1 1
github.com/CSKU-Lab/queue/rabbitmq.go:138.25,139.14 1 1
github.com/CSKU-Lab/queue/rabbitmq.go:140.19,141.14 1 1
github.com/CSKU-Lab/queue/rabbitmq.go:142.26,143.11 1 1
github.com/CSKU-Lab/queue/rabbitmq.go:143.11,145.5 1 1
github.com/CSKU-Lab/queue/rabbitmq.go:146.4,146.14 1 1
github.com/CSKU-Lab/queue/rabbitmq.go:146.14,153.55 2 1
github.com/CSKU-Lab/queue/rabbitmq.go:153.55,157.6 3 1
github.com/CSKU-Lab/queue/rabbitmq.go:159.5,159.41 1 1
github.com/CSKU-Lab/queue/rabbitmq.go:159.41,162.6 2 0
github.com/CSKU-Lab/queue/rabbitmq.go:168.34,170.2 1 1
